<?xml version="1.0" encoding="UTF-8"?>
<testng-results ignored="0" total="2" passed="2" failed="0" skipped="0">
  <reporter-output>
  </reporter-output>
  <suite started-at="2026-06-14T17:50:16 IST" name="Surefire suite" finished-at="2026-06-14T17:50:25 IST" duration-ms="9608">
    <groups>
    </groups>
    <test started-at="2026-06-14T17:50:16 IST" name="Surefire test" finished-at="2026-06-14T17:50:25 IST" duration-ms="9608">
      <class name="com.test.LoginPageTest">
        <test-method signature="loginTest()[pri:0, instance:com.test.LoginPageTest@6b419da]" started-at="2026-06-14T17:50:16 IST" name="loginTest" finished-at="2026-06-14T17:50:21 IST" duration-ms="5091" status="PASS">
          <reporter-output>
          </reporter-output>
        </test-method> <!-- loginTest -->
      </class> <!-- com.test.LoginPageTest -->
      <class name="com.test.LoginTest">
        <test-method signature="loginTest()[pri:0, instance:com.test.LoginTest@78b1cc93]" started-at="2026-06-14T17:50:21 IST" name="loginTest" finished-at="2026-06-14T17:50:25 IST" duration-ms="4474" status="PASS">
          <reporter-output>
          </reporter-output>
        </test-method> <!-- loginTest -->
      </class> <!-- com.test.LoginTest -->
    </test> <!-- Surefire test -->
  </suite> <!-- Surefire suite -->
</testng-results>
